<?xml version="1.0" encoding="UTF-8"?>
<!-- Generated by org.testng.reporters.JUnitXMLReporter -->
<testsuite ignored="0" hostname="IMPETUS-BL1083" failures="4" tests="18" name="Surefire test" time="29.823" errors="0" timestamp="2025-06-18T23:26:23 IST">
  <testcase classname="api.tests.DDTests" name="test_DDT_createUser" time="4.254"/>
  <testcase classname="api.tests.DDTests" name="test_DDT_createUser" time="2.255"/>
  <testcase classname="api.tests.DDTests" name="test_DDT_createUser" time="1.943"/>
  <testcase classname="api.tests.DDTests" name="test_DDT_deleteUsers" time="2.485"/>
  <testcase classname="api.tests.DDTests" name="test_DDT_deleteUsers" time="2.459">
    <skipped/>
  </testcase> <!-- test_DDT_deleteUsers -->
  <testcase classname="api.tests.DDTests" name="test_DDT_deleteUsers" time="2.232"/>
  <testcase classname="api.tests.DDTests" name="test_DDT_deleteUsers" time="2.453"/>
  <testcase classname="api.tests.UserTests" name="test_createUser" time="3.265">
    <failure type="java.lang.NullPointerException" message="Cannot invoke &amp;quot;com.aventstack.extentreports.ExtentTest.info(String)&amp;quot; because the return value of &amp;quot;api.utilities.ExtentReportManager.getTest()&amp;quot; is null">
      <![CDATA[java.lang.NullPointerException: Cannot invoke "com.aventstack.extentreports.ExtentTest.info(String)" because the return value of "api.utilities.ExtentReportManager.getTest()" is null
at api.tests.UserTests.test_createUser(UserTests.java:102)
at java.base/java.util.ArrayList.forEach(ArrayList.java:1596)
... Removed 30 stack frames]]>
    </failure>
  </testcase> <!-- test_createUser -->
  <testcase classname="api.tests.UserTests" name="test_getUserByName" time="0.002">
    <skipped/>
  </testcase> <!-- test_getUserByName -->
  <testcase classname="api.tests.UserTests" name="test_getUserByName" time="0.0">
    <skipped/>
  </testcase> <!-- test_getUserByName -->
  <testcase classname="api.tests.UserTests" name="test_getUserByName" time="0.001">
    <failure type="java.lang.NullPointerException" message="Cannot invoke &amp;quot;com.aventstack.extentreports.ExtentTest.info(String)&amp;quot; because the return value of &amp;quot;api.utilities.ExtentReportManager.getTest()&amp;quot; is null">
      <![CDATA[java.lang.NullPointerException: Cannot invoke "com.aventstack.extentreports.ExtentTest.info(String)" because the return value of "api.utilities.ExtentReportManager.getTest()" is null
at api.tests.UserTests.test_getUserByName(UserTests.java:110)
at java.base/java.util.ArrayList.forEach(ArrayList.java:1596)
... Removed 30 stack frames]]>
    </failure>
  </testcase> <!-- test_getUserByName -->
  <testcase classname="api.tests.UserTests" name="test_updateUserByName" time="0.0">
    <skipped/>
  </testcase> <!-- test_updateUserByName -->
  <testcase classname="api.tests.UserTests" name="test_updateUserByName" time="0.0">
    <skipped/>
  </testcase> <!-- test_updateUserByName -->
  <testcase classname="api.tests.UserTests" name="test_updateUserByName" time="0.001">
    <failure type="java.lang.NullPointerException" message="Cannot invoke &amp;quot;com.aventstack.extentreports.ExtentTest.info(String)&amp;quot; because the return value of &amp;quot;api.utilities.ExtentReportManager.getTest()&amp;quot; is null">
      <![CDATA[java.lang.NullPointerException: Cannot invoke "com.aventstack.extentreports.ExtentTest.info(String)" because the return value of "api.utilities.ExtentReportManager.getTest()" is null
at api.tests.UserTests.test_updateUserByName(UserTests.java:166)
at java.base/java.util.ArrayList.forEach(ArrayList.java:1596)
... Removed 30 stack frames]]>
    </failure>
  </testcase> <!-- test_updateUserByName -->
  <testcase classname="api.tests.UserTests" name="test_deleteUserByName" time="2.722">
    <skipped/>
  </testcase> <!-- test_deleteUserByName -->
  <testcase classname="api.tests.UserTests" name="test_deleteUserByName" time="2.383"/>
  <testcase classname="api.tests.UserTests" name="test_loginUser" time="2.155"/>
  <testcase classname="api.tests.UserTests" name="test_logoutUser" time="0.001">
    <failure type="java.lang.NullPointerException" message="Cannot invoke &amp;quot;com.aventstack.extentreports.ExtentTest.info(String)&amp;quot; because the return value of &amp;quot;api.utilities.ExtentReportManager.getTest()&amp;quot; is null">
      <![CDATA[java.lang.NullPointerException: Cannot invoke "com.aventstack.extentreports.ExtentTest.info(String)" because the return value of "api.utilities.ExtentReportManager.getTest()" is null
at api.tests.UserTests.test_logoutUser(UserTests.java:335)
at java.base/java.util.ArrayList.forEach(ArrayList.java:1596)
... Removed 30 stack frames]]>
    </failure>
  </testcase> <!-- test_logoutUser -->
</testsuite> <!-- Surefire test -->
