<?xml version="1.0" encoding="UTF-8"?>
<!-- Generated by org.testng.reporters.JUnitXMLReporter -->
<testsuite ignored="0" hostname="IMPETUS-BL1083" failures="0" tests="23" name="Test" time="21.396" errors="0" timestamp="2025-06-19T13:07:19 IST">
  <testcase classname="api.tests.DDTests" name="test_DDT_createUser" time="2.806"/>
  <testcase classname="api.tests.UserTests" name="test_createUser" time="4.796"/>
  <testcase classname="api.tests.UserTests2" name="test_createUser" time="4.796"/>
  <testcase classname="api.tests.DDTests" name="test_DDT_createUser" time="1.858"/>
  <testcase classname="api.tests.UserTests" name="test_getUserByName" time="1.636">
    <skipped/>
  </testcase> <!-- test_getUserByName -->
  <testcase classname="api.tests.UserTests2" name="test_getUserByName" time="1.71">
    <skipped/>
  </testcase> <!-- test_getUserByName -->
  <testcase classname="api.tests.DDTests" name="test_DDT_createUser" time="1.681"/>
  <testcase classname="api.tests.UserTests" name="test_getUserByName" time="1.764">
    <skipped/>
  </testcase> <!-- test_getUserByName -->
  <testcase classname="api.tests.UserTests2" name="test_getUserByName" time="1.777"/>
  <testcase classname="api.tests.DDTests" name="test_DDT_deleteUsers" time="1.833"/>
  <testcase classname="api.tests.UserTests" name="test_getUserByName" time="1.984">
    <skipped/>
  </testcase> <!-- test_getUserByName -->
  <testcase classname="api.tests.UserTests2" name="test_updateUserByName" time="1.927"/>
  <testcase classname="api.tests.DDTests" name="test_DDT_deleteUsers" time="2.002"/>
  <testcase classname="api.tests.UserTests2" name="test_deleteUserByName" time="1.792"/>
  <testcase classname="api.tests.UserTests" name="test_getUserByName" time="1.99"/>
  <testcase classname="api.tests.DDTests" name="test_DDT_deleteUsers" time="1.48">
    <skipped/>
  </testcase> <!-- test_DDT_deleteUsers -->
  <testcase classname="api.tests.UserTests2" name="test_loginUser" time="1.524"/>
  <testcase classname="api.tests.UserTests" name="test_updateUserByName" time="1.634"/>
  <testcase classname="api.tests.DDTests" name="test_DDT_deleteUsers" time="1.522"/>
  <testcase classname="api.tests.UserTests2" name="test_logoutUser" time="1.463"/>
  <testcase classname="api.tests.UserTests" name="test_deleteUserByName" time="1.427"/>
  <testcase classname="api.tests.UserTests" name="test_loginUser" time="3.649"/>
  <testcase classname="api.tests.UserTests" name="test_logoutUser" time="1.935"/>
</testsuite> <!-- Test -->
