<?xml version="1.0" encoding="UTF-8"?>
<!-- Generated by org.testng.reporters.JUnitXMLReporter -->
<testsuite ignored="0" hostname="Lappie" failures="0" tests="20" name="Test" time="18.833" errors="0" timestamp="2025-07-06T00:22:12 IST">
  <testcase classname="api.tests.DDTests" name="test_DDT_createUser" time="3.915"/>
  <testcase classname="api.tests.DDTests" name="test_DDT_createUser" time="1.318"/>
  <testcase classname="api.tests.UserTests" name="test_createUser" time="8.18"/>
  <testcase classname="api.tests.UserTests2" name="test_createUser" time="8.18"/>
  <testcase classname="api.tests.DDTests" name="test_DDT_createUser" time="1.242"/>
  <testcase classname="api.tests.UserTests" name="test_getUserByName" time="1.325">
    <skipped/>
  </testcase> <!-- test_getUserByName -->
  <testcase classname="api.tests.UserTests2" name="test_getUserByName" time="1.325">
    <skipped/>
  </testcase> <!-- test_getUserByName -->
  <testcase classname="api.tests.DDTests" name="test_DDT_deleteUsers" time="1.287"/>
  <testcase classname="api.tests.UserTests2" name="test_getUserByName" time="1.496"/>
  <testcase classname="api.tests.UserTests" name="test_getUserByName" time="1.496"/>
  <testcase classname="api.tests.DDTests" name="test_DDT_deleteUsers" time="1.632"/>
  <testcase classname="api.tests.UserTests2" name="test_updateUserByName" time="1.771"/>
  <testcase classname="api.tests.UserTests" name="test_updateUserByName" time="1.768"/>
  <testcase classname="api.tests.DDTests" name="test_DDT_deleteUsers" time="1.534"/>
  <testcase classname="api.tests.UserTests2" name="test_deleteUserByName" time="1.447"/>
  <testcase classname="api.tests.UserTests" name="test_deleteUserByName" time="2.151"/>
  <testcase classname="api.tests.UserTests2" name="test_loginUser" time="1.687"/>
  <testcase classname="api.tests.UserTests" name="test_loginUser" time="1.547"/>
  <testcase classname="api.tests.UserTests2" name="test_logoutUser" time="1.362"/>
  <testcase classname="api.tests.UserTests" name="test_logoutUser" time="1.355"/>
</testsuite> <!-- Test -->
