<?xml version="1.0" encoding="UTF-8"?>
<!-- Generated by org.testng.reporters.JUnitXMLReporter -->
<testsuite ignored="0" hostname="IMPETUS-BL1083" failures="0" tests="20" name="Test" time="11.11" errors="0" timestamp="2025-07-05T23:55:16 IST">
  <testcase classname="api.tests.DDTests" name="test_DDT_createUser" time="2.033"/>
  <testcase classname="api.tests.UserTests" name="test_createUser" time="3.658"/>
  <testcase classname="api.tests.UserTests2" name="test_createUser" time="3.658"/>
  <testcase classname="api.tests.DDTests" name="test_DDT_createUser" time="1.098"/>
  <testcase classname="api.tests.UserTests2" name="test_getUserByName" time="1.174"/>
  <testcase classname="api.tests.UserTests" name="test_getUserByName" time="1.175"/>
  <testcase classname="api.tests.DDTests" name="test_DDT_createUser" time="1.088"/>
  <testcase classname="api.tests.UserTests" name="test_updateUserByName" time="1.094"/>
  <testcase classname="api.tests.UserTests2" name="test_updateUserByName" time="1.107"/>
  <testcase classname="api.tests.DDTests" name="test_DDT_deleteUsers" time="1.091"/>
  <testcase classname="api.tests.UserTests" name="test_deleteUserByName" time="1.089"/>
  <testcase classname="api.tests.UserTests2" name="test_deleteUserByName" time="1.092"/>
  <testcase classname="api.tests.DDTests" name="test_DDT_deleteUsers" time="1.099">
    <skipped/>
  </testcase> <!-- test_DDT_deleteUsers -->
  <testcase classname="api.tests.UserTests2" name="test_loginUser" time="1.129"/>
  <testcase classname="api.tests.UserTests" name="test_loginUser" time="1.155"/>
  <testcase classname="api.tests.DDTests" name="test_DDT_deleteUsers" time="1.082">
    <skipped/>
  </testcase> <!-- test_DDT_deleteUsers -->
  <testcase classname="api.tests.UserTests2" name="test_logoutUser" time="1.092"/>
  <testcase classname="api.tests.UserTests" name="test_logoutUser" time="1.099"/>
  <testcase classname="api.tests.DDTests" name="test_DDT_deleteUsers" time="1.084"/>
  <testcase classname="api.tests.DDTests" name="test_DDT_deleteUsers" time="1.09"/>
</testsuite> <!-- Test -->
