<?xml version="1.0" encoding="UTF-8"?>
<testsuite xmlns:xsi="http://www.w3.org/2001/XMLSchema-instance" xsi:noNamespaceSchemaLocation="https://maven.apache.org/surefire/maven-surefire-plugin/xsd/surefire-test-report.xsd" version="3.0.2" name="TestSuite" time="23.078" tests="21" errors="0" skipped="3" failures="0">
  <properties>
[...]
</properties>
  <testcase name="test_DDT_createUser[2010, testuser1, John, Canedy, a@gmail.com, test@1, 8687809765](1)" classname="api.tests.DDTests" time="2.941">
    <system-out><![CDATA[21:15:51.483 [TestNG-test-Test-3] INFO  api.tests.UserTests2 - ****************************************************************
21:15:51.483 [TestNG-test-Test-2] INFO  api.tests.UserTests - ****************************************************************
21:15:51.491 [TestNG-test-Test-3] INFO  api.tests.UserTests2 - ***********<<<<<Starting test_createUser>>>>>*******************
21:15:51.491 [TestNG-test-Test-2] INFO  api.tests.UserTests - ***********<<<<<Starting test_createUser>>>>>*******************
21:15:51.491 [TestNG-test-Test-3] INFO  api.tests.UserTests2 - Sending POST request to create a new user
21:15:51.491 [TestNG-test-Test-2] INFO  api.tests.UserTests - Sending POST request to create a new user
21:15:51.504 [TestNG-test-Test-1] DEBUG org.apache.poi.openxml4j.opc.PackageRelationshipCollection - Parsing relationship: /xl/_rels/workbook.xml.rels
21:15:51.509 [TestNG-test-Test-1] DEBUG org.apache.poi.openxml4j.opc.PackageRelationshipCollection - Parsing relationship: /_rels/.rels
21:15:52.516 [TestNG-test-Test-1] DEBUG org.apache.poi.openxml4j.opc.PackageRelationshipCollection - Parsing relationship: /xl/_rels/workbook.xml.rels
21:15:52.517 [TestNG-test-Test-1] DEBUG org.apache.poi.openxml4j.opc.PackageRelationshipCollection - Parsing relationship: /_rels/.rels
21:15:52.548 [TestNG-test-Test-1] DEBUG org.apache.poi.openxml4j.opc.PackageRelationshipCollection - Parsing relationship: /xl/_rels/workbook.xml.rels
21:15:52.549 [TestNG-test-Test-1] DEBUG org.apache.poi.openxml4j.opc.PackageRelationshipCollection - Parsing relationship: /_rels/.rels
21:15:52.630 [TestNG-test-Test-1] DEBUG org.apache.poi.openxml4j.opc.PackageRelationshipCollection - Parsing relationship: /xl/_rels/workbook.xml.rels
21:15:52.631 [TestNG-test-Test-1] DEBUG org.apache.poi.openxml4j.opc.PackageRelationshipCollection - Parsing relationship: /_rels/.rels
21:15:52.658 [TestNG-test-Test-1] DEBUG org.apache.poi.openxml4j.opc.PackageRelationshipCollection - Parsing relationship: /xl/_rels/workbook.xml.rels
21:15:52.660 [TestNG-test-Test-1] DEBUG org.apache.poi.openxml4j.opc.PackageRelationshipCollection - Parsing relationship: /_rels/.rels
21:15:52.686 [TestNG-test-Test-1] DEBUG org.apache.poi.openxml4j.opc.PackageRelationshipCollection - Parsing relationship: /xl/_rels/workbook.xml.rels
21:15:52.688 [TestNG-test-Test-1] DEBUG org.apache.poi.openxml4j.opc.PackageRelationshipCollection - Parsing relationship: /_rels/.rels
21:15:52.708 [TestNG-test-Test-1] DEBUG org.apache.poi.openxml4j.opc.PackageRelationshipCollection - Parsing relationship: /xl/_rels/workbook.xml.rels
21:15:52.710 [TestNG-test-Test-1] DEBUG org.apache.poi.openxml4j.opc.PackageRelationshipCollection - Parsing relationship: /_rels/.rels
21:15:52.737 [TestNG-test-Test-1] DEBUG org.apache.poi.openxml4j.opc.PackageRelationshipCollection - Parsing relationship: /xl/_rels/workbook.xml.rels
21:15:52.738 [TestNG-test-Test-1] DEBUG org.apache.poi.openxml4j.opc.PackageRelationshipCollection - Parsing relationship: /_rels/.rels
21:15:52.761 [TestNG-test-Test-1] DEBUG org.apache.poi.openxml4j.opc.PackageRelationshipCollection - Parsing relationship: /xl/_rels/workbook.xml.rels
21:15:52.762 [TestNG-test-Test-1] DEBUG org.apache.poi.openxml4j.opc.PackageRelationshipCollection - Parsing relationship: /_rels/.rels
21:15:52.781 [TestNG-test-Test-1] DEBUG org.apache.poi.openxml4j.opc.PackageRelationshipCollection - Parsing relationship: /xl/_rels/workbook.xml.rels
21:15:52.782 [TestNG-test-Test-1] DEBUG org.apache.poi.openxml4j.opc.PackageRelationshipCollection - Parsing relationship: /_rels/.rels
21:15:52.800 [TestNG-test-Test-1] DEBUG org.apache.poi.openxml4j.opc.PackageRelationshipCollection - Parsing relationship: /xl/_rels/workbook.xml.rels
21:15:52.802 [TestNG-test-Test-1] DEBUG org.apache.poi.openxml4j.opc.PackageRelationshipCollection - Parsing relationship: /_rels/.rels
21:15:52.821 [TestNG-test-Test-1] DEBUG org.apache.poi.openxml4j.opc.PackageRelationshipCollection - Parsing relationship: /xl/_rels/workbook.xml.rels
21:15:52.822 [TestNG-test-Test-1] DEBUG org.apache.poi.openxml4j.opc.PackageRelationshipCollection - Parsing relationship: /_rels/.rels
21:15:52.848 [TestNG-test-Test-1] DEBUG org.apache.poi.openxml4j.opc.PackageRelationshipCollection - Parsing relationship: /xl/_rels/workbook.xml.rels
21:15:52.848 [TestNG-test-Test-1] DEBUG org.apache.poi.openxml4j.opc.PackageRelationshipCollection - Parsing relationship: /_rels/.rels
21:15:52.864 [TestNG-test-Test-1] DEBUG org.apache.poi.openxml4j.opc.PackageRelationshipCollection - Parsing relationship: /xl/_rels/workbook.xml.rels
21:15:52.865 [TestNG-test-Test-1] DEBUG org.apache.poi.openxml4j.opc.PackageRelationshipCollection - Parsing relationship: /_rels/.rels
21:15:52.885 [TestNG-test-Test-1] DEBUG org.apache.poi.openxml4j.opc.PackageRelationshipCollection - Parsing relationship: /xl/_rels/workbook.xml.rels
21:15:52.885 [TestNG-test-Test-1] DEBUG org.apache.poi.openxml4j.opc.PackageRelationshipCollection - Parsing relationship: /_rels/.rels
21:15:52.899 [TestNG-test-Test-1] DEBUG org.apache.poi.openxml4j.opc.PackageRelationshipCollection - Parsing relationship: /xl/_rels/workbook.xml.rels
21:15:52.901 [TestNG-test-Test-1] DEBUG org.apache.poi.openxml4j.opc.PackageRelationshipCollection - Parsing relationship: /_rels/.rels
21:15:52.916 [TestNG-test-Test-1] DEBUG org.apache.poi.openxml4j.opc.PackageRelationshipCollection - Parsing relationship: /xl/_rels/workbook.xml.rels
21:15:52.918 [TestNG-test-Test-1] DEBUG org.apache.poi.openxml4j.opc.PackageRelationshipCollection - Parsing relationship: /_rels/.rels
21:15:52.936 [TestNG-test-Test-1] DEBUG org.apache.poi.openxml4j.opc.PackageRelationshipCollection - Parsing relationship: /xl/_rels/workbook.xml.rels
21:15:52.937 [TestNG-test-Test-1] DEBUG org.apache.poi.openxml4j.opc.PackageRelationshipCollection - Parsing relationship: /_rels/.rels
21:15:52.953 [TestNG-test-Test-1] DEBUG org.apache.poi.openxml4j.opc.PackageRelationshipCollection - Parsing relationship: /xl/_rels/workbook.xml.rels
21:15:52.954 [TestNG-test-Test-1] DEBUG org.apache.poi.openxml4j.opc.PackageRelationshipCollection - Parsing relationship: /_rels/.rels
21:15:52.969 [TestNG-test-Test-1] DEBUG org.apache.poi.openxml4j.opc.PackageRelationshipCollection - Parsing relationship: /xl/_rels/workbook.xml.rels
21:15:52.970 [TestNG-test-Test-1] DEBUG org.apache.poi.openxml4j.opc.PackageRelationshipCollection - Parsing relationship: /_rels/.rels
21:15:53.007 [TestNG-test-Test-1] DEBUG org.apache.poi.openxml4j.opc.PackageRelationshipCollection - Parsing relationship: /xl/_rels/workbook.xml.rels
21:15:53.008 [TestNG-test-Test-1] DEBUG org.apache.poi.openxml4j.opc.PackageRelationshipCollection - Parsing relationship: /_rels/.rels
21:15:53.023 [TestNG-test-Test-1] DEBUG org.apache.poi.openxml4j.opc.PackageRelationshipCollection - Parsing relationship: /xl/_rels/workbook.xml.rels
21:15:53.024 [TestNG-test-Test-1] DEBUG org.apache.poi.openxml4j.opc.PackageRelationshipCollection - Parsing relationship: /_rels/.rels
21:15:53.043 [TestNG-test-Test-1] DEBUG org.apache.poi.openxml4j.opc.PackageRelationshipCollection - Parsing relationship: /xl/_rels/workbook.xml.rels
21:15:53.044 [TestNG-test-Test-1] DEBUG org.apache.poi.openxml4j.opc.PackageRelationshipCollection - Parsing relationship: /_rels/.rels
21:15:53.069 [TestNG-test-Test-1] INFO  api.tests.DDTests - ***************Starting DDT create user tests***************
21:15:55.900 [TestNG-test-Test-3] INFO  api.tests.UserTests2 - Asserting response field types
21:15:55.900 [TestNG-test-Test-2] INFO  api.tests.UserTests - Asserting response field types
HTTP/1.1 200 OK
Date: Sat, 05 Jul 2025 15:45:55 GMT
Content-Type: application/json
Transfer-Encoding: chunked
Connection: keep-alive
Access-Control-Allow-Origin: *
Access-Control-Allow-Methods: GET, POST, DELETE, PUT
Access-Control-Allow-Headers: Content-Type, api_key, Authorization
Server: Jetty(9.2.9.v20150224)

{
    "code": 200,
    "type": "unknown",
    "message": "2010"
}
21:15:56.002 [TestNG-test-Test-1] INFO  api.tests.DDTests - ***************Finished DDT create user tests***************
]]></system-out>
    <system-err><![CDATA[SLF4J(W): No SLF4J providers were found.
SLF4J(W): Defaulting to no-operation (NOP) logger implementation
SLF4J(W): See https://www.slf4j.org/codes.html#noProviders for further details.
]]></system-err>
  </testcase>
  <testcase name="test_DDT_createUser[2011, testuser2, Kim, Kom, b@gmail.com, test@2, 8687809565](2)" classname="api.tests.DDTests" time="0.292">
    <system-out><![CDATA[21:15:57.009 [TestNG-test-Test-2] INFO  api.tests.UserTests - ***** Starting test_getUserByName *****
21:15:57.009 [TestNG-test-Test-3] INFO  api.tests.UserTests2 - ***** Starting test_getUserByName *****
HTTP/1.1 200 OK
Date: Sat, 05 Jul 2025 15:45:57 GMT
Content-Type: application/json
Transfer-Encoding: chunked
Connection: keep-alive
Access-Control-Allow-Origin: *
Access-Control-Allow-Methods: GET, POST, DELETE, PUT
Access-Control-Allow-Headers: Content-Type, api_key, Authorization
Server: Jetty(9.2.9.v20150224)

{
    "code": 200,
    "type": "unknown",
    "message": "2011"
}
21:15:57.301 [TestNG-test-Test-1] INFO  api.tests.DDTests - ***************Finished DDT create user tests***************
]]></system-out>
  </testcase>
  <testcase name="test_DDT_createUser[2012, testuser3, Smith, Steve, c@gmail.com, test@3, 8687309765](3)" classname="api.tests.DDTests" time="0.219">
    <system-out><![CDATA[21:15:58.517 [TestNG-test-Test-3] INFO  api.tests.UserTests2 - ********************************************
21:15:58.517 [TestNG-test-Test-3] INFO  api.tests.UserTests2 - ***** Starting test_updateUser *****
HTTP/1.1 200 OK
Date: Sat, 05 Jul 2025 15:45:58 GMT
Content-Type: application/json
Transfer-Encoding: chunked
Connection: keep-alive
Access-Control-Allow-Origin: *
Access-Control-Allow-Methods: GET, POST, DELETE, PUT
Access-Control-Allow-Headers: Content-Type, api_key, Authorization
Server: Jetty(9.2.9.v20150224)

{
    "code": 200,
    "type": "unknown",
    "message": "2012"
}
21:15:58.735 [TestNG-test-Test-1] INFO  api.tests.DDTests - ***************Finished DDT create user tests***************
]]></system-out>
  </testcase>
  <testcase name="test_DDT_deleteUsers[testuser1](1)" classname="api.tests.DDTests" time="0.284"/>
  <testcase name="test_DDT_deleteUsers[testuser2](2)" classname="api.tests.DDTests" time="0.289"/>
  <testcase name="test_DDT_deleteUsers[testuser3](3)" classname="api.tests.DDTests" time="0.241">
    <system-out><![CDATA[21:16:02.897 [TestNG-test-Test-3] INFO  api.tests.UserTests2 - ********************************************
21:16:02.897 [TestNG-test-Test-3] INFO  api.tests.UserTests2 - ******** Starting test_logoutUser***********
]]></system-out>
  </testcase>
  <testcase name="test_createUser" classname="api.tests.UserTests" time="1.001">
    <system-out><![CDATA[21:15:56.006 [TestNG-test-Test-1] INFO  api.tests.DDTests - ***************Starting DDT create user tests***************
21:15:57.006 [TestNG-test-Test-2] INFO  api.tests.UserTests - ***** Finished test_createUser *****
21:15:57.006 [TestNG-test-Test-3] INFO  api.tests.UserTests2 - ***** Finished test_createUser *****
21:15:57.006 [TestNG-test-Test-2] INFO  api.tests.UserTests - ********************************************
21:15:57.007 [TestNG-test-Test-3] INFO  api.tests.UserTests2 - ********************************************
]]></system-out>
  </testcase>
  <testcase name="test_getUserByName" classname="api.tests.UserTests" time="1.208">
    <system-out><![CDATA[21:15:57.304 [TestNG-test-Test-1] INFO  api.tests.DDTests - ***************Starting DDT create user tests***************
21:15:58.426 [TestNG-test-Test-2] INFO  api.tests.UserTests - Response body: {"id":2034134772,"username":"samantha.haley","firstName":"Erwin","lastName":"Wolff","email":"horace.halvorson@example.com","password":"c2g2d9lyg536","phone":"864-544-6068","userStatus":0}
21:15:58.426 [TestNG-test-Test-3] INFO  api.tests.UserTests2 - Response body: {"id":588133348,"username":"stacey.buckridge","firstName":"Newton","lastName":"Stiedemann","email":"doretha.wunsch@example.com","password":"8tuyxmwrotew0g","phone":"(638) 272-5941","userStatus":0}
21:15:58.511 [TestNG-test-Test-2] INFO  api.tests.UserTests - ***** Finished test_getUserByName *****
]]></system-out>
  </testcase>
  <testcase name="test_updateUserByName" classname="api.tests.UserTests" time="1.029">
    <system-out><![CDATA[21:15:58.753 [TestNG-test-Test-1] DEBUG org.apache.poi.openxml4j.opc.PackageRelationshipCollection - Parsing relationship: /xl/_rels/workbook.xml.rels
21:15:58.756 [TestNG-test-Test-1] DEBUG org.apache.poi.openxml4j.opc.PackageRelationshipCollection - Parsing relationship: /_rels/.rels
21:15:58.803 [TestNG-test-Test-1] DEBUG org.apache.poi.openxml4j.opc.PackageRelationshipCollection - Parsing relationship: /xl/_rels/workbook.xml.rels
21:15:58.803 [TestNG-test-Test-1] DEBUG org.apache.poi.openxml4j.opc.PackageRelationshipCollection - Parsing relationship: /_rels/.rels
21:15:58.817 [TestNG-test-Test-1] DEBUG org.apache.poi.openxml4j.opc.PackageRelationshipCollection - Parsing relationship: /xl/_rels/workbook.xml.rels
21:15:58.817 [TestNG-test-Test-1] DEBUG org.apache.poi.openxml4j.opc.PackageRelationshipCollection - Parsing relationship: /_rels/.rels
21:15:58.840 [TestNG-test-Test-1] DEBUG org.apache.poi.openxml4j.opc.PackageRelationshipCollection - Parsing relationship: /xl/_rels/workbook.xml.rels
21:15:58.841 [TestNG-test-Test-1] DEBUG org.apache.poi.openxml4j.opc.PackageRelationshipCollection - Parsing relationship: /_rels/.rels
21:15:59.881 [TestNG-test-Test-3] INFO  api.tests.UserTests2 - ***** Finished test_updateUser *****
21:15:59.881 [TestNG-test-Test-2] INFO  api.tests.UserTests - ***** Finished test_updateUser *****
21:15:59.881 [TestNG-test-Test-3] INFO  api.tests.UserTests2 - ********************************************
21:15:59.881 [TestNG-test-Test-2] INFO  api.tests.UserTests - ********************************************
]]></system-out>
  </testcase>
  <testcase name="test_deleteUserByName" classname="api.tests.UserTests" time="0.0">
    <skipped message="expected [200] but found [404]"/>
    <system-out><![CDATA[21:16:01.404 [TestNG-test-Test-3] INFO  api.tests.UserTests2 - ********************************************
21:16:01.404 [TestNG-test-Test-3] INFO  api.tests.UserTests2 - ********* Starting test_loginUser **********
]]></system-out>
  </testcase>
  <testcase name="test_deleteUserByName" classname="api.tests.UserTests" time="0.0">
    <skipped message="expected [200] but found [404]"/>
    <system-out><![CDATA[HTTP/1.1 404 Not Found
Date: Sat, 05 Jul 2025 15:46:02 GMT
Content-Length: 0
Connection: keep-alive
Access-Control-Allow-Origin: *
Access-Control-Allow-Methods: GET, POST, DELETE, PUT
Access-Control-Allow-Headers: Content-Type, api_key, Authorization
Server: Jetty(9.2.9.v20150224)
]]></system-out>
  </testcase>
  <testcase name="test_deleteUserByName" classname="api.tests.UserTests" time="0.0">
    <skipped message="expected [200] but found [404]"/>
    <system-out><![CDATA[HTTP/1.1 404 Not Found
Date: Sat, 05 Jul 2025 15:46:04 GMT
Content-Length: 0
Connection: keep-alive
Access-Control-Allow-Origin: *
Access-Control-Allow-Methods: GET, POST, DELETE, PUT
Access-Control-Allow-Headers: Content-Type, api_key, Authorization
Server: Jetty(9.2.9.v20150224)
]]></system-out>
  </testcase>
  <testcase name="test_deleteUserByName" classname="api.tests.UserTests" time="1.437">
    <system-out><![CDATA[HTTP/1.1 200 OK
Date: Sat, 05 Jul 2025 15:46:05 GMT
Content-Type: application/json
Transfer-Encoding: chunked
Connection: keep-alive
Access-Control-Allow-Origin: *
Access-Control-Allow-Methods: GET, POST, DELETE, PUT
Access-Control-Allow-Headers: Content-Type, api_key, Authorization
Server: Jetty(9.2.9.v20150224)

{
    "code": 200,
    "type": "unknown",
    "message": "samantha.haley"
}
]]></system-out>
  </testcase>
  <testcase name="test_loginUser" classname="api.tests.UserTests" time="1.566">
    <system-out><![CDATA[21:16:05.702 [TestNG-test-Test-2] INFO  api.tests.UserTests - ********************************************
21:16:05.702 [TestNG-test-Test-2] INFO  api.tests.UserTests - ********* Starting test_loginUser **********
21:16:07.266 [TestNG-test-Test-2] INFO  api.tests.UserTests - Asserting that the response matches the JSON schema from C:\Users\ubaidullah.bawa\eclipse-workspace\PetStoreAutomation\test-data\getUserLoginSchema.json
21:16:07.270 [TestNG-test-Test-2] INFO  api.tests.UserTests - ***** Finished test_loginUser***************
21:16:07.270 [TestNG-test-Test-2] INFO  api.tests.UserTests - ********************************************
]]></system-out>
  </testcase>
  <testcase name="test_logoutUser" classname="api.tests.UserTests" time="1.439">
    <system-out><![CDATA[21:16:07.271 [TestNG-test-Test-2] INFO  api.tests.UserTests - ********************************************
21:16:07.271 [TestNG-test-Test-2] INFO  api.tests.UserTests - ******** Starting test_logoutUser***********
21:16:08.708 [TestNG-test-Test-2] INFO  api.tests.UserTests - ***** Finished test_logoutUser *****
21:16:08.708 [TestNG-test-Test-2] INFO  api.tests.UserTests - ************************************
]]></system-out>
  </testcase>
  <testcase name="test_createUser" classname="api.tests.UserTests2" time="1.001"/>
  <testcase name="test_getUserByName" classname="api.tests.UserTests2" time="0.006">
    <system-out><![CDATA[21:15:58.512 [TestNG-test-Test-2] INFO  api.tests.UserTests - ********************************************
21:15:58.513 [TestNG-test-Test-2] INFO  api.tests.UserTests - ***** Starting test_updateUser *****
21:15:58.514 [TestNG-test-Test-3] INFO  api.tests.UserTests2 - ***** Finished test_getUserByName *****
]]></system-out>
  </testcase>
  <testcase name="test_updateUserByName" classname="api.tests.UserTests2" time="1.031"/>
  <testcase name="test_deleteUserByName" classname="api.tests.UserTests2" time="1.239">
    <system-out><![CDATA[HTTP/1.1 404 Not Found
Date: Sat, 05 Jul 2025 15:46:01 GMT
Content-Length: 0
Connection: keep-alive
Access-Control-Allow-Origin: *
Access-Control-Allow-Methods: GET, POST, DELETE, PUT
Access-Control-Allow-Headers: Content-Type, api_key, Authorization
Server: Jetty(9.2.9.v20150224)
HTTP/1.1 200 OK
Date: Sat, 05 Jul 2025 15:46:01 GMT
Content-Type: application/json
Transfer-Encoding: chunked
Connection: keep-alive
Access-Control-Allow-Origin: *
Access-Control-Allow-Methods: GET, POST, DELETE, PUT
Access-Control-Allow-Headers: Content-Type, api_key, Authorization
Server: Jetty(9.2.9.v20150224)

{
    "code": 200,
    "type": "unknown",
    "message": "stacey.buckridge"
}
]]></system-out>
  </testcase>
  <testcase name="test_loginUser" classname="api.tests.UserTests2" time="0.052">
    <system-out><![CDATA[21:16:02.892 [TestNG-test-Test-3] INFO  api.tests.UserTests2 - Asserting that the response matches the JSON schema from C:\Users\ubaidullah.bawa\eclipse-workspace\PetStoreAutomation\test-data\getUserLoginSchema.json
21:16:02.896 [TestNG-test-Test-3] INFO  api.tests.UserTests2 - ***** Finished test_loginUser***************
21:16:02.896 [TestNG-test-Test-3] INFO  api.tests.UserTests2 - ********************************************
]]></system-out>
  </testcase>
  <testcase name="test_logoutUser" classname="api.tests.UserTests2" time="0.041">
    <system-out><![CDATA[21:16:04.306 [TestNG-test-Test-3] INFO  api.tests.UserTests2 - ***** Finished test_logoutUser *****
21:16:04.306 [TestNG-test-Test-3] INFO  api.tests.UserTests2 - ************************************
]]></system-out>
  </testcase>
</testsuite>