<?xml version="1.0" encoding="UTF-8"?>
<testsuite xmlns:xsi="http://www.w3.org/2001/XMLSchema-instance" xsi:noNamespaceSchemaLocation="https://maven.apache.org/surefire/maven-surefire-plugin/xsd/surefire-test-report.xsd" version="3.0.2" name="TestSuite" time="35.532" tests="21" errors="0" skipped="3" failures="0">
  <properties>
[...]
</properties>
  <testcase name="test_DDT_createUser[2010, testuser1, John, Canedy, a@gmail.com, test@1, 8687809765](1)" classname="api.tests.DDTests" time="6.617">
    <system-out><![CDATA[13:39:28.502 [TestNG-test-Test-1] DEBUG org.apache.poi.openxml4j.opc.PackageRelationshipCollection - Parsing relationship: /xl/_rels/workbook.xml.rels
13:39:28.524 [TestNG-test-Test-1] DEBUG org.apache.poi.openxml4j.opc.PackageRelationshipCollection - Parsing relationship: /_rels/.rels
13:39:28.701 [TestNG-test-Test-3] INFO  api.tests.UserTests2 - ****************************************************************
13:39:28.701 [TestNG-test-Test-2] INFO  api.tests.UserTests - ****************************************************************
13:39:28.701 [TestNG-test-Test-3] INFO  api.tests.UserTests2 - ***********<<<<<Starting test_createUser>>>>>*******************
13:39:28.701 [TestNG-test-Test-2] INFO  api.tests.UserTests - ***********<<<<<Starting test_createUser>>>>>*******************
13:39:28.701 [TestNG-test-Test-3] INFO  api.tests.UserTests2 - Sending POST request to create a new user
13:39:28.701 [TestNG-test-Test-2] INFO  api.tests.UserTests - Sending POST request to create a new user
13:39:30.706 [TestNG-test-Test-1] DEBUG org.apache.poi.openxml4j.opc.PackageRelationshipCollection - Parsing relationship: /xl/_rels/workbook.xml.rels
13:39:30.715 [TestNG-test-Test-1] DEBUG org.apache.poi.openxml4j.opc.PackageRelationshipCollection - Parsing relationship: /_rels/.rels
13:39:30.805 [TestNG-test-Test-1] DEBUG org.apache.poi.openxml4j.opc.PackageRelationshipCollection - Parsing relationship: /xl/_rels/workbook.xml.rels
13:39:30.805 [TestNG-test-Test-1] DEBUG org.apache.poi.openxml4j.opc.PackageRelationshipCollection - Parsing relationship: /_rels/.rels
13:39:30.963 [TestNG-test-Test-1] DEBUG org.apache.poi.openxml4j.opc.PackageRelationshipCollection - Parsing relationship: /xl/_rels/workbook.xml.rels
13:39:30.969 [TestNG-test-Test-1] DEBUG org.apache.poi.openxml4j.opc.PackageRelationshipCollection - Parsing relationship: /_rels/.rels
13:39:31.055 [TestNG-test-Test-1] DEBUG org.apache.poi.openxml4j.opc.PackageRelationshipCollection - Parsing relationship: /xl/_rels/workbook.xml.rels
13:39:31.058 [TestNG-test-Test-1] DEBUG org.apache.poi.openxml4j.opc.PackageRelationshipCollection - Parsing relationship: /_rels/.rels
13:39:31.134 [TestNG-test-Test-1] DEBUG org.apache.poi.openxml4j.opc.PackageRelationshipCollection - Parsing relationship: /xl/_rels/workbook.xml.rels
13:39:31.137 [TestNG-test-Test-1] DEBUG org.apache.poi.openxml4j.opc.PackageRelationshipCollection - Parsing relationship: /_rels/.rels
13:39:31.188 [TestNG-test-Test-1] DEBUG org.apache.poi.openxml4j.opc.PackageRelationshipCollection - Parsing relationship: /xl/_rels/workbook.xml.rels
13:39:31.205 [TestNG-test-Test-1] DEBUG org.apache.poi.openxml4j.opc.PackageRelationshipCollection - Parsing relationship: /_rels/.rels
13:39:31.270 [TestNG-test-Test-1] DEBUG org.apache.poi.openxml4j.opc.PackageRelationshipCollection - Parsing relationship: /xl/_rels/workbook.xml.rels
13:39:31.278 [TestNG-test-Test-1] DEBUG org.apache.poi.openxml4j.opc.PackageRelationshipCollection - Parsing relationship: /_rels/.rels
13:39:31.382 [TestNG-test-Test-1] DEBUG org.apache.poi.openxml4j.opc.PackageRelationshipCollection - Parsing relationship: /xl/_rels/workbook.xml.rels
13:39:31.393 [TestNG-test-Test-1] DEBUG org.apache.poi.openxml4j.opc.PackageRelationshipCollection - Parsing relationship: /_rels/.rels
13:39:31.458 [TestNG-test-Test-1] DEBUG org.apache.poi.openxml4j.opc.PackageRelationshipCollection - Parsing relationship: /xl/_rels/workbook.xml.rels
13:39:31.458 [TestNG-test-Test-1] DEBUG org.apache.poi.openxml4j.opc.PackageRelationshipCollection - Parsing relationship: /_rels/.rels
13:39:31.505 [TestNG-test-Test-1] DEBUG org.apache.poi.openxml4j.opc.PackageRelationshipCollection - Parsing relationship: /xl/_rels/workbook.xml.rels
13:39:31.505 [TestNG-test-Test-1] DEBUG org.apache.poi.openxml4j.opc.PackageRelationshipCollection - Parsing relationship: /_rels/.rels
13:39:31.549 [TestNG-test-Test-1] DEBUG org.apache.poi.openxml4j.opc.PackageRelationshipCollection - Parsing relationship: /xl/_rels/workbook.xml.rels
13:39:31.551 [TestNG-test-Test-1] DEBUG org.apache.poi.openxml4j.opc.PackageRelationshipCollection - Parsing relationship: /_rels/.rels
13:39:31.592 [TestNG-test-Test-1] DEBUG org.apache.poi.openxml4j.opc.PackageRelationshipCollection - Parsing relationship: /xl/_rels/workbook.xml.rels
13:39:31.593 [TestNG-test-Test-1] DEBUG org.apache.poi.openxml4j.opc.PackageRelationshipCollection - Parsing relationship: /_rels/.rels
13:39:31.638 [TestNG-test-Test-1] DEBUG org.apache.poi.openxml4j.opc.PackageRelationshipCollection - Parsing relationship: /xl/_rels/workbook.xml.rels
13:39:31.642 [TestNG-test-Test-1] DEBUG org.apache.poi.openxml4j.opc.PackageRelationshipCollection - Parsing relationship: /_rels/.rels
13:39:31.675 [TestNG-test-Test-1] DEBUG org.apache.poi.openxml4j.opc.PackageRelationshipCollection - Parsing relationship: /xl/_rels/workbook.xml.rels
13:39:31.675 [TestNG-test-Test-1] DEBUG org.apache.poi.openxml4j.opc.PackageRelationshipCollection - Parsing relationship: /_rels/.rels
13:39:31.710 [TestNG-test-Test-1] DEBUG org.apache.poi.openxml4j.opc.PackageRelationshipCollection - Parsing relationship: /xl/_rels/workbook.xml.rels
13:39:31.716 [TestNG-test-Test-1] DEBUG org.apache.poi.openxml4j.opc.PackageRelationshipCollection - Parsing relationship: /_rels/.rels
13:39:31.743 [TestNG-test-Test-1] DEBUG org.apache.poi.openxml4j.opc.PackageRelationshipCollection - Parsing relationship: /xl/_rels/workbook.xml.rels
13:39:31.753 [TestNG-test-Test-1] DEBUG org.apache.poi.openxml4j.opc.PackageRelationshipCollection - Parsing relationship: /_rels/.rels
13:39:31.792 [TestNG-test-Test-1] DEBUG org.apache.poi.openxml4j.opc.PackageRelationshipCollection - Parsing relationship: /xl/_rels/workbook.xml.rels
13:39:31.793 [TestNG-test-Test-1] DEBUG org.apache.poi.openxml4j.opc.PackageRelationshipCollection - Parsing relationship: /_rels/.rels
13:39:31.831 [TestNG-test-Test-1] DEBUG org.apache.poi.openxml4j.opc.PackageRelationshipCollection - Parsing relationship: /xl/_rels/workbook.xml.rels
13:39:31.833 [TestNG-test-Test-1] DEBUG org.apache.poi.openxml4j.opc.PackageRelationshipCollection - Parsing relationship: /_rels/.rels
13:39:31.877 [TestNG-test-Test-1] DEBUG org.apache.poi.openxml4j.opc.PackageRelationshipCollection - Parsing relationship: /xl/_rels/workbook.xml.rels
13:39:31.883 [TestNG-test-Test-1] DEBUG org.apache.poi.openxml4j.opc.PackageRelationshipCollection - Parsing relationship: /_rels/.rels
13:39:31.923 [TestNG-test-Test-1] DEBUG org.apache.poi.openxml4j.opc.PackageRelationshipCollection - Parsing relationship: /xl/_rels/workbook.xml.rels
13:39:31.926 [TestNG-test-Test-1] DEBUG org.apache.poi.openxml4j.opc.PackageRelationshipCollection - Parsing relationship: /_rels/.rels
13:39:31.975 [TestNG-test-Test-1] DEBUG org.apache.poi.openxml4j.opc.PackageRelationshipCollection - Parsing relationship: /xl/_rels/workbook.xml.rels
13:39:31.975 [TestNG-test-Test-1] DEBUG org.apache.poi.openxml4j.opc.PackageRelationshipCollection - Parsing relationship: /_rels/.rels
13:39:32.013 [TestNG-test-Test-1] DEBUG org.apache.poi.openxml4j.opc.PackageRelationshipCollection - Parsing relationship: /xl/_rels/workbook.xml.rels
13:39:32.016 [TestNG-test-Test-1] DEBUG org.apache.poi.openxml4j.opc.PackageRelationshipCollection - Parsing relationship: /_rels/.rels
13:39:32.071 [TestNG-test-Test-1] INFO  api.tests.DDTests - ***************Starting DDT create user tests***************
13:39:38.566 [TestNG-test-Test-2] INFO  api.tests.UserTests - Asserting response field types
13:39:38.566 [TestNG-test-Test-3] INFO  api.tests.UserTests2 - Asserting response field types
HTTP/1.1 200 OK
Date: Thu, 19 Jun 2025 08:09:38 GMT
Content-Type: application/json
Transfer-Encoding: chunked
Connection: keep-alive
Access-Control-Allow-Origin: *
Access-Control-Allow-Methods: GET, POST, DELETE, PUT
Access-Control-Allow-Headers: Content-Type, api_key, Authorization
Server: Jetty(9.2.9.v20150224)

{
    "code": 200,
    "type": "unknown",
    "message": "2010"
}
13:39:38.663 [TestNG-test-Test-1] INFO  api.tests.DDTests - ***************Finished DDT create user tests***************
]]></system-out>
    <system-err><![CDATA[SLF4J(W): No SLF4J providers were found.
SLF4J(W): Defaulting to no-operation (NOP) logger implementation
SLF4J(W): See https://www.slf4j.org/codes.html#noProviders for further details.
]]></system-err>
  </testcase>
  <testcase name="test_DDT_createUser[2011, testuser2, Kim, Kom, b@gmail.com, test@2, 8687809565](2)" classname="api.tests.DDTests" time="1.295">
    <system-out><![CDATA[13:39:38.672 [TestNG-test-Test-1] INFO  api.tests.DDTests - ***************Starting DDT create user tests***************
HTTP/1.1 200 OK
Date: Thu, 19 Jun 2025 08:09:39 GMT
Content-Type: application/json
Transfer-Encoding: chunked
Connection: keep-alive
Access-Control-Allow-Origin: *
Access-Control-Allow-Methods: GET, POST, DELETE, PUT
Access-Control-Allow-Headers: Content-Type, api_key, Authorization
Server: Jetty(9.2.9.v20150224)

{
    "code": 200,
    "type": "unknown",
    "message": "2011"
}
13:39:39.969 [TestNG-test-Test-1] INFO  api.tests.DDTests - ***************Finished DDT create user tests***************
]]></system-out>
  </testcase>
  <testcase name="test_DDT_createUser[2012, testuser3, Smith, Steve, c@gmail.com, test@3, 8687309765](3)" classname="api.tests.DDTests" time="0.166">
    <system-out><![CDATA[13:39:41.219 [TestNG-test-Test-2] INFO  api.tests.UserTests - ***** Starting test_getUserByName *****
13:39:41.219 [TestNG-test-Test-3] INFO  api.tests.UserTests2 - ***** Starting test_getUserByName *****
HTTP/1.1 200 OK
Date: Thu, 19 Jun 2025 08:09:41 GMT
Content-Type: application/json
Transfer-Encoding: chunked
Connection: keep-alive
Access-Control-Allow-Origin: *
Access-Control-Allow-Methods: GET, POST, DELETE, PUT
Access-Control-Allow-Headers: Content-Type, api_key, Authorization
Server: Jetty(9.2.9.v20150224)

{
    "code": 200,
    "type": "unknown",
    "message": "2012"
}
13:39:41.378 [TestNG-test-Test-1] INFO  api.tests.DDTests - ***************Finished DDT create user tests***************
]]></system-out>
  </testcase>
  <testcase name="test_DDT_deleteUsers[testuser1](1)" classname="api.tests.DDTests" time="0.051">
    <system-out><![CDATA[13:39:42.784 [TestNG-test-Test-2] INFO  api.tests.UserTests - ********************************************
13:39:42.784 [TestNG-test-Test-2] INFO  api.tests.UserTests - ***** Starting test_updateUser *****
]]></system-out>
  </testcase>
  <testcase name="test_DDT_deleteUsers[testuser2](2)" classname="api.tests.DDTests" time="0.292">
    <system-out><![CDATA[13:39:43.955 [TestNG-test-Test-3] INFO  api.tests.UserTests2 - ***** Starting test_getUserByName *****
]]></system-out>
  </testcase>
  <testcase name="test_DDT_deleteUsers[testuser3](3)" classname="api.tests.DDTests" time="0.292">
    <system-out><![CDATA[13:39:45.488 [TestNG-test-Test-3] INFO  api.tests.UserTests2 - ***** Starting test_getUserByName *****
]]></system-out>
  </testcase>
  <testcase name="test_createUser" classname="api.tests.UserTests" time="1.242">
    <system-out><![CDATA[13:39:39.974 [TestNG-test-Test-1] INFO  api.tests.DDTests - ***************Starting DDT create user tests***************
13:39:41.212 [TestNG-test-Test-3] INFO  api.tests.UserTests2 - ***** Finished test_createUser *****
13:39:41.212 [TestNG-test-Test-2] INFO  api.tests.UserTests - ***** Finished test_createUser *****
13:39:41.212 [TestNG-test-Test-3] INFO  api.tests.UserTests2 - ********************************************
13:39:41.212 [TestNG-test-Test-2] INFO  api.tests.UserTests - ********************************************
]]></system-out>
  </testcase>
  <testcase name="test_getUserByName" classname="api.tests.UserTests" time="0.196">
    <system-out><![CDATA[13:39:42.588 [TestNG-test-Test-3] INFO  api.tests.UserTests2 - ***** Starting test_getUserByName *****
13:39:42.622 [TestNG-test-Test-2] INFO  api.tests.UserTests - Response body: {"id":1040393777,"username":"marty.durgan","firstName":"Elda","lastName":"Reichert","email":"maren.kub@example.com","password":"4c46ogcxar745vq","phone":"(724) 673-0999","userStatus":0}
13:39:42.780 [TestNG-test-Test-2] INFO  api.tests.UserTests - ***** Finished test_getUserByName *****
]]></system-out>
  </testcase>
  <testcase name="test_updateUserByName" classname="api.tests.UserTests" time="0.059">
    <system-out><![CDATA[13:39:44.310 [TestNG-test-Test-2] INFO  api.tests.UserTests - ***** Finished test_updateUser *****
13:39:44.310 [TestNG-test-Test-2] INFO  api.tests.UserTests - ********************************************
]]></system-out>
  </testcase>
  <testcase name="test_deleteUserByName" classname="api.tests.UserTests" time="0.355">
    <system-out><![CDATA[HTTP/1.1 200 OK
Date: Thu, 19 Jun 2025 08:09:45 GMT
Content-Type: application/json
Transfer-Encoding: chunked
Connection: keep-alive
Access-Control-Allow-Origin: *
Access-Control-Allow-Methods: GET, POST, DELETE, PUT
Access-Control-Allow-Headers: Content-Type, api_key, Authorization
Server: Jetty(9.2.9.v20150224)

{
    "code": 200,
    "type": "unknown",
    "message": "marty.durgan"
}
]]></system-out>
  </testcase>
  <testcase name="test_loginUser" classname="api.tests.UserTests" time="0.158">
    <system-out><![CDATA[13:39:47.117 [TestNG-test-Test-3] INFO  api.tests.UserTests2 - ********************************************
13:39:47.117 [TestNG-test-Test-3] INFO  api.tests.UserTests2 - ***** Starting test_updateUser *****
13:39:47.260 [TestNG-test-Test-2] INFO  api.tests.UserTests - Asserting that the response matches the JSON schema from C:\Users\ubaidullah.bawa\eclipse-workspace\PetStoreAutomation\test-data\getUserLoginSchema.json
13:39:47.266 [TestNG-test-Test-2] INFO  api.tests.UserTests - ***** Finished test_loginUser***************
13:39:47.266 [TestNG-test-Test-2] INFO  api.tests.UserTests - ********************************************
]]></system-out>
  </testcase>
  <testcase name="test_logoutUser" classname="api.tests.UserTests" time="0.05">
    <system-out><![CDATA[13:39:48.713 [TestNG-test-Test-2] INFO  api.tests.UserTests - ***** Finished test_logoutUser *****
13:39:48.713 [TestNG-test-Test-2] INFO  api.tests.UserTests - ************************************
]]></system-out>
  </testcase>
  <testcase name="test_createUser" classname="api.tests.UserTests2" time="1.243"/>
  <testcase name="test_getUserByName" classname="api.tests.UserTests2" time="0.0">
    <skipped message="JSONObject[&quot;id&quot;] not found."/>
    <system-out><![CDATA[13:39:41.389 [TestNG-test-Test-1] DEBUG org.apache.poi.openxml4j.opc.PackageRelationshipCollection - Parsing relationship: /xl/_rels/workbook.xml.rels
13:39:41.389 [TestNG-test-Test-1] DEBUG org.apache.poi.openxml4j.opc.PackageRelationshipCollection - Parsing relationship: /_rels/.rels
13:39:41.406 [TestNG-test-Test-1] DEBUG org.apache.poi.openxml4j.opc.PackageRelationshipCollection - Parsing relationship: /xl/_rels/workbook.xml.rels
13:39:41.408 [TestNG-test-Test-1] DEBUG org.apache.poi.openxml4j.opc.PackageRelationshipCollection - Parsing relationship: /_rels/.rels
13:39:41.441 [TestNG-test-Test-1] DEBUG org.apache.poi.openxml4j.opc.PackageRelationshipCollection - Parsing relationship: /xl/_rels/workbook.xml.rels
13:39:41.443 [TestNG-test-Test-1] DEBUG org.apache.poi.openxml4j.opc.PackageRelationshipCollection - Parsing relationship: /_rels/.rels
13:39:41.482 [TestNG-test-Test-1] DEBUG org.apache.poi.openxml4j.opc.PackageRelationshipCollection - Parsing relationship: /xl/_rels/workbook.xml.rels
13:39:41.485 [TestNG-test-Test-1] DEBUG org.apache.poi.openxml4j.opc.PackageRelationshipCollection - Parsing relationship: /_rels/.rels
13:39:42.557 [TestNG-test-Test-3] INFO  api.tests.UserTests2 - Response body: {"code":1,"type":"error","message":"User not found"}
13:39:42.557 [TestNG-test-Test-3] ERROR api.tests.UserTests2 - Unexpected exception occurred: JSONObject["id"] not found.
13:39:42.557 [TestNG-test-Test-3] INFO  api.tests.UserTests2 - ***** Finished test_getUserByName *****
]]></system-out>
  </testcase>
  <testcase name="test_getUserByName" classname="api.tests.UserTests2" time="0.0">
    <skipped message="JSONObject[&quot;id&quot;] not found."/>
    <system-out><![CDATA[13:39:43.955 [TestNG-test-Test-3] INFO  api.tests.UserTests2 - Response body: {"code":1,"type":"error","message":"User not found"}
13:39:43.955 [TestNG-test-Test-3] ERROR api.tests.UserTests2 - Unexpected exception occurred: JSONObject["id"] not found.
13:39:43.955 [TestNG-test-Test-3] INFO  api.tests.UserTests2 - ***** Finished test_getUserByName *****
]]></system-out>
  </testcase>
  <testcase name="test_getUserByName" classname="api.tests.UserTests2" time="0.0">
    <skipped message="JSONObject[&quot;id&quot;] not found."/>
    <system-out><![CDATA[13:39:45.481 [TestNG-test-Test-3] INFO  api.tests.UserTests2 - Response body: {"code":1,"type":"error","message":"User not found"}
13:39:45.481 [TestNG-test-Test-3] ERROR api.tests.UserTests2 - Unexpected exception occurred: JSONObject["id"] not found.
13:39:45.484 [TestNG-test-Test-3] INFO  api.tests.UserTests2 - ***** Finished test_getUserByName *****
]]></system-out>
  </testcase>
  <testcase name="test_getUserByName" classname="api.tests.UserTests2" time="1.264">
    <system-out><![CDATA[13:39:45.850 [TestNG-test-Test-2] INFO  api.tests.UserTests - ********************************************
13:39:45.851 [TestNG-test-Test-2] INFO  api.tests.UserTests - ********* Starting test_loginUser **********
13:39:46.952 [TestNG-test-Test-3] INFO  api.tests.UserTests2 - Response body: {"id":1749038031,"username":"mercedes.hand","firstName":"Ayanna","lastName":"Jakubowski","email":"evita.leannon@example.com","password":"xure99s3j4jd","phone":"068-881-2745","userStatus":0}
13:39:47.115 [TestNG-test-Test-3] INFO  api.tests.UserTests2 - ***** Finished test_getUserByName *****
]]></system-out>
  </testcase>
  <testcase name="test_updateUserByName" classname="api.tests.UserTests2" time="1.391">
    <system-out><![CDATA[13:39:47.275 [TestNG-test-Test-2] INFO  api.tests.UserTests - ********************************************
13:39:47.275 [TestNG-test-Test-2] INFO  api.tests.UserTests - ******** Starting test_logoutUser***********
13:39:48.649 [TestNG-test-Test-3] INFO  api.tests.UserTests2 - ***** Finished test_updateUser *****
13:39:48.649 [TestNG-test-Test-3] INFO  api.tests.UserTests2 - ********************************************
]]></system-out>
  </testcase>
  <testcase name="test_deleteUserByName" classname="api.tests.UserTests2" time="1.502">
    <system-out><![CDATA[HTTP/1.1 200 OK
Date: Thu, 19 Jun 2025 08:09:50 GMT
Content-Type: application/json
Transfer-Encoding: chunked
Connection: keep-alive
Access-Control-Allow-Origin: *
Access-Control-Allow-Methods: GET, POST, DELETE, PUT
Access-Control-Allow-Headers: Content-Type, api_key, Authorization
Server: Jetty(9.2.9.v20150224)

{
    "code": 200,
    "type": "unknown",
    "message": "mercedes.hand"
}
]]></system-out>
  </testcase>
  <testcase name="test_loginUser" classname="api.tests.UserTests2" time="1.616">
    <system-out><![CDATA[13:39:50.163 [TestNG-test-Test-3] INFO  api.tests.UserTests2 - ********************************************
13:39:50.163 [TestNG-test-Test-3] INFO  api.tests.UserTests2 - ********* Starting test_loginUser **********
13:39:51.776 [TestNG-test-Test-3] INFO  api.tests.UserTests2 - Asserting that the response matches the JSON schema from C:\Users\ubaidullah.bawa\eclipse-workspace\PetStoreAutomation\test-data\getUserLoginSchema.json
13:39:51.784 [TestNG-test-Test-3] INFO  api.tests.UserTests2 - ***** Finished test_loginUser***************
13:39:51.784 [TestNG-test-Test-3] INFO  api.tests.UserTests2 - ********************************************
]]></system-out>
  </testcase>
  <testcase name="test_logoutUser" classname="api.tests.UserTests2" time="1.553">
    <system-out><![CDATA[13:39:51.784 [TestNG-test-Test-3] INFO  api.tests.UserTests2 - ********************************************
13:39:51.784 [TestNG-test-Test-3] INFO  api.tests.UserTests2 - ******** Starting test_logoutUser***********
13:39:53.327 [TestNG-test-Test-3] INFO  api.tests.UserTests2 - ***** Finished test_logoutUser *****
13:39:53.327 [TestNG-test-Test-3] INFO  api.tests.UserTests2 - ************************************
]]></system-out>
  </testcase>
</testsuite>